<?xml version="1.0" encoding="utf-8"?>
<?AutomationStudio Version="4.5.2.102"?>
<Objects>
  <Object
    Path="C:\KRBO0222\lab1_pomer_xhto\Logical\Package.pkg"
    LogicalPath=""
    Type="Package.ParentUnknown"
    LastWriteTime="134019008917426984" />
  <Object
    Path="C:\KRBO0222\lab1_pomer_xhto\Logical\Global.typ"
    LogicalPath="Global.typ"
    Type="File"
    LastWriteTime="134012956784220751"
    Private="false" />
  <Object
    Path="C:\KRBO0222\lab1_pomer_xhto\Logical\Global.var"
    LogicalPath="Global.var"
    Type="File"
    LastWriteTime="134033600207793223"
    Private="false" />
  <Object
    Path="C:\KRBO0222\lab1_pomer_xhto\Logical\Libraries\Package.pkg"
    LogicalPath="Libraries"
    Type="Package"
    LastWriteTime="134012956805613844" />
  <Object
    Path="C:\KRBO0222\lab1_pomer_xhto\Logical\Libraries\operator\binary.lby"
    LogicalPath="Libraries.operator"
    Type="Library"
    LastWriteTime="134012956793405908" />
  <Object
    Path="C:\KRBO0222\lab1_pomer_xhto\Logical\Libraries\operator\operator.fun"
    LogicalPath="Libraries.operator.operator.fun"
    Type="File"
    LastWriteTime="134012956793356044"
    Private="false" />
  <Object
    Path="C:\KRBO0222\lab1_pomer_xhto\Logical\Libraries\operator\operator.typ"
    LogicalPath="Libraries.operator.operator.typ"
    Type="File"
    LastWriteTime="134012956793386391"
    Private="false" />
  <Object
    Path="C:\KRBO0222\lab1_pomer_xhto\Logical\Libraries\operator\operator.var"
    LogicalPath="Libraries.operator.operator.var"
    Type="File"
    LastWriteTime="134012956793405908"
    Private="false" />
  <Object
    Path="C:\KRBO0222\lab1_pomer_xhto\Logical\Libraries\runtime\binary.lby"
    LogicalPath="Libraries.runtime"
    Type="Library"
    LastWriteTime="134012956797545413" />
  <Object
    Path="C:\KRBO0222\lab1_pomer_xhto\Logical\Libraries\runtime\runtime.fun"
    LogicalPath="Libraries.runtime.runtime.fun"
    Type="File"
    LastWriteTime="134012956797515494"
    Private="false" />
  <Object
    Path="C:\KRBO0222\lab1_pomer_xhto\Logical\Libraries\runtime\runtime.typ"
    LogicalPath="Libraries.runtime.runtime.typ"
    Type="File"
    LastWriteTime="134012956797525466"
    Private="false" />
  <Object
    Path="C:\KRBO0222\lab1_pomer_xhto\Logical\Libraries\runtime\runtime.var"
    LogicalPath="Libraries.runtime.runtime.var"
    Type="File"
    LastWriteTime="134012956797535438"
    Private="false" />
  <Object
    Path="C:\KRBO0222\lab1_pomer_xhto\Logical\Libraries\astime\binary.lby"
    LogicalPath="Libraries.astime"
    Type="Library"
    LastWriteTime="134012956801634478" />
  <Object
    Path="C:\KRBO0222\lab1_pomer_xhto\Logical\Libraries\astime\astime.fun"
    LogicalPath="Libraries.astime.astime.fun"
    Type="File"
    LastWriteTime="134012956801594594"
    Private="false" />
  <Object
    Path="C:\KRBO0222\lab1_pomer_xhto\Logical\Libraries\astime\astime.typ"
    LogicalPath="Libraries.astime.astime.typ"
    Type="File"
    LastWriteTime="134012956801614534"
    Private="false" />
  <Object
    Path="C:\KRBO0222\lab1_pomer_xhto\Logical\Libraries\astime\astime.var"
    LogicalPath="Libraries.astime.astime.var"
    Type="File"
    LastWriteTime="134012956801624502"
    Private="false" />
  <Object
    Path="C:\KRBO0222\lab1_pomer_xhto\Logical\Libraries\AsIecCon\binary.lby"
    LogicalPath="Libraries.AsIecCon"
    Type="Library"
    LastWriteTime="134012956805553997" />
  <Object
    Path="C:\KRBO0222\lab1_pomer_xhto\Logical\Libraries\AsIecCon\AsIecCon.fun"
    LogicalPath="Libraries.AsIecCon.AsIecCon.fun"
    Type="File"
    LastWriteTime="134012956805524093"
    Private="false" />
  <Object
    Path="C:\KRBO0222\lab1_pomer_xhto\Logical\Libraries\AsIecCon\AsIecCon.typ"
    LogicalPath="Libraries.AsIecCon.AsIecCon.typ"
    Type="File"
    LastWriteTime="134012956805544025"
    Private="false" />
  <Object
    Path="C:\KRBO0222\lab1_pomer_xhto\Logical\Libraries\AsIecCon\AsIecCon.var"
    LogicalPath="Libraries.AsIecCon.AsIecCon.var"
    Type="File"
    LastWriteTime="134012956805553997"
    Private="false" />
  <Object
    Path="C:\KRBO0222\lab1_pomer_xhto\Logical\MotorContr\ANSIC.lby"
    LogicalPath="MotorContr"
    Type="Library"
    LastWriteTime="134025054840646670" />
  <Object
    Path="C:\KRBO0222\lab1_pomer_xhto\Logical\MotorContr\Types.typ"
    LogicalPath="MotorContr.Types.typ"
    Type="File"
    LastWriteTime="134012959594383065"
    Private="false" />
  <Object
    Path="C:\KRBO0222\lab1_pomer_xhto\Logical\MotorContr\MotorContr.fun"
    LogicalPath="MotorContr.MotorContr.fun"
    Type="File"
    LastWriteTime="134033646678470066"
    Private="false" />
  <Object
    Path="C:\KRBO0222\lab1_pomer_xhto\Logical\MotorContr\Constants.var"
    LogicalPath="MotorContr.Constants.var"
    Type="File"
    LastWriteTime="134012959594403005"
    Private="false" />
  <Object
    Path="C:\KRBO0222\lab1_pomer_xhto\Logical\MotorContr\FB_motor.c"
    LogicalPath="MotorContr.FB_motor.c"
    Type="File"
    LastWriteTime="134033649742435862"
    Private="false" />
  <Object
    Path="C:\KRBO0222\lab1_pomer_xhto\Logical\MotorContr\FB_Integrator.c"
    LogicalPath="MotorContr.FB_Integrator.c"
    Type="File"
    LastWriteTime="134033642623716245"
    Private="false" />
  <Object
    Path="C:\KRBO0222\lab1_pomer_xhto\Logical\MotorContr\FB_regulator.c"
    LogicalPath="MotorContr.FB_regulator.c"
    Type="File"
    LastWriteTime="134033653466697790"
    Private="false" />
  <Object
    Path="C:\KRBO0222\lab1_pomer_xhto\Logical\Program\ANSIC.prg"
    LogicalPath="Program"
    Type="Program"
    LastWriteTime="134019008632659374" />
  <Object
    Path="C:\KRBO0222\lab1_pomer_xhto\Logical\Program\Main.c"
    LogicalPath="Program.Main.c"
    Type="File"
    LastWriteTime="134033653028909921"
    Private="false" />
  <Object
    Path="C:\KRBO0222\lab1_pomer_xhto\Logical\Program\Types.typ"
    LogicalPath="Program.Types.typ"
    Type="File"
    LastWriteTime="134019008632649398"
    Private="true" />
  <Object
    Path="C:\KRBO0222\lab1_pomer_xhto\Logical\Program\Variables.var"
    LogicalPath="Program.Variables.var"
    Type="File"
    LastWriteTime="134033616951771554"
    Private="true" />
  <Object
    Path="C:\KRBO0222\lab1_pomer_xhto\Physical\Config1\Config.pkg"
    LogicalPath="Config1"
    Type="Configuration.ParentUnknown"
    LastWriteTime="134012956829249147" />
  <Object
    Path="C:\KRBO0222\lab1_pomer_xhto\Physical\Config1\Hardware.hw"
    LogicalPath="Config1.Hardware.hw"
    Type="File"
    LastWriteTime="134033639055294720"
    Private="false" />
  <Object
    Path="C:\KRBO0222\lab1_pomer_xhto\Physical\Config1\Hardware.hwl"
    LogicalPath="Config1.Hardware.hwl"
    Type="File"
    LastWriteTime="134031120224349012"
    Private="false" />
  <Object
    Path="C:\KRBO0222\lab1_pomer_xhto\Physical\Config1\4PP065_0571_P74\Cpu.pkg"
    LogicalPath="Config1.4PP065_0571_P74"
    Type="Cpu"
    LastWriteTime="134031120224847789" />
  <Object
    Path="C:\KRBO0222\lab1_pomer_xhto\Physical\Config1\4PP065_0571_P74\Cpu.sw"
    LogicalPath="Config1.4PP065_0571_P74.Cpu.sw"
    Type="File"
    LastWriteTime="134019008917766350"
    Private="false" />
  <Object
    Path="C:\KRBO0222\lab1_pomer_xhto\Physical\Config1\4PP065_0571_P74\Cpu.per"
    LogicalPath="Config1.4PP065_0571_P74.Cpu.per"
    Type="File"
    LastWriteTime="134012956808002626"
    Private="false" />
  <Object
    Path="C:\KRBO0222\lab1_pomer_xhto\Physical\Config1\4PP065_0571_P74\IoMap.iom"
    LogicalPath="Config1.4PP065_0571_P74.IoMap.iom"
    Type="File"
    LastWriteTime="134012956808012247"
    Private="false" />
  <Object
    Path="C:\KRBO0222\lab1_pomer_xhto\Physical\Config1\4PP065_0571_P74\PvMap.vvm"
    LogicalPath="Config1.4PP065_0571_P74.PvMap.vvm"
    Type="File"
    LastWriteTime="134012956808022223"
    Private="false" />
  <Object
    Path="C:\KRBO0222\lab1_pomer_xhto\Physical\Config1\4PP065_0571_P74\Connectivity\Package.pkg"
    LogicalPath="Config1.4PP065_0571_P74.Connectivity"
    Type="Package"
    LastWriteTime="134012956808228533" />
  <Object
    Path="C:\KRBO0222\lab1_pomer_xhto\Physical\Config1\4PP065_0571_P74\Connectivity\OpcUA\Package.pkg"
    LogicalPath="Config1.4PP065_0571_P74.Connectivity.OpcUA"
    Type="Package"
    LastWriteTime="134012956808218561" />
  <Object
    Path="C:\KRBO0222\lab1_pomer_xhto\Physical\Config1\4PP065_0571_P74\TextSystem\Package.pkg"
    LogicalPath="Config1.4PP065_0571_P74.TextSystem"
    Type="Package"
    LastWriteTime="134012956808258457" />
  <Object
    Path="C:\KRBO0222\lab1_pomer_xhto\Physical\Config1\4PP065_0571_P74\UnitSystem\Package.pkg"
    LogicalPath="Config1.4PP065_0571_P74.UnitSystem"
    Type="Package"
    LastWriteTime="134012956808288380" />
  <Object
    Path="C:\KRBO0222\lab1_pomer_xhto\Physical\Config1\4PP065_0571_P74\AccessAndSecurity\Package.pkg"
    LogicalPath="Config1.4PP065_0571_P74.AccessAndSecurity"
    Type="Package"
    LastWriteTime="134012956808597547" />
  <Object
    Path="C:\KRBO0222\lab1_pomer_xhto\Physical\Config1\4PP065_0571_P74\AccessAndSecurity\UserRoleSystem\Package.pkg"
    LogicalPath="Config1.4PP065_0571_P74.AccessAndSecurity.UserRoleSystem"
    Type="Package"
    LastWriteTime="134012956808378135" />
  <Object
    Path="C:\KRBO0222\lab1_pomer_xhto\Physical\Config1\4PP065_0571_P74\AccessAndSecurity\UserRoleSystem\Role.role"
    LogicalPath="Config1.4PP065_0571_P74.AccessAndSecurity.UserRoleSystem.Role.role"
    Type="File"
    LastWriteTime="134012956808348215"
    Private="false" />
  <Object
    Path="C:\KRBO0222\lab1_pomer_xhto\Physical\Config1\4PP065_0571_P74\AccessAndSecurity\UserRoleSystem\User.user"
    LogicalPath="Config1.4PP065_0571_P74.AccessAndSecurity.UserRoleSystem.User.user"
    Type="File"
    LastWriteTime="134012956808368159"
    Private="false" />
  <Object
    Path="C:\KRBO0222\lab1_pomer_xhto\Physical\Config1\4PP065_0571_P74\AccessAndSecurity\CertificateStore\Package.pkg"
    LogicalPath="Config1.4PP065_0571_P74.AccessAndSecurity.CertificateStore"
    Type="Package"
    LastWriteTime="134012956808567624" />
  <Object
    Path="C:\KRBO0222\lab1_pomer_xhto\Physical\Config1\4PP065_0571_P74\AccessAndSecurity\CertificateStore\OwnCertificates\Package.pkg"
    LogicalPath="Config1.4PP065_0571_P74.AccessAndSecurity.CertificateStore.OwnCertificates"
    Type="Package"
    LastWriteTime="134012956808467893" />
  <Object
    Path="C:\KRBO0222\lab1_pomer_xhto\Physical\Config1\4PP065_0571_P74\AccessAndSecurity\CertificateStore\OwnCertificates\Certificates\Package.pkg"
    LogicalPath="Config1.4PP065_0571_P74.AccessAndSecurity.CertificateStore.OwnCertificates.Certificates"
    Type="Package"
    LastWriteTime="134012956808437974" />
  <Object
    Path="C:\KRBO0222\lab1_pomer_xhto\Physical\Config1\4PP065_0571_P74\AccessAndSecurity\CertificateStore\OwnCertificates\PrivateKeys\Package.pkg"
    LogicalPath="Config1.4PP065_0571_P74.AccessAndSecurity.CertificateStore.OwnCertificates.PrivateKeys"
    Type="Package"
    LastWriteTime="134012956808457929" />
  <Object
    Path="C:\KRBO0222\lab1_pomer_xhto\Physical\Config1\4PP065_0571_P74\AccessAndSecurity\CertificateStore\ThirdPartyCertificates\Package.pkg"
    LogicalPath="Config1.4PP065_0571_P74.AccessAndSecurity.CertificateStore.ThirdPartyCertificates"
    Type="Package"
    LastWriteTime="134012956808517768" />
  <Object
    Path="C:\KRBO0222\lab1_pomer_xhto\Physical\Config1\4PP065_0571_P74\AccessAndSecurity\CertificateStore\ThirdPartyCertificates\SoftwareCertificates\Package.pkg"
    LogicalPath="Config1.4PP065_0571_P74.AccessAndSecurity.CertificateStore.ThirdPartyCertificates.SoftwareCertificates"
    Type="Package"
    LastWriteTime="134012956808507789" />
  <Object
    Path="C:\KRBO0222\lab1_pomer_xhto\Physical\Config1\4PP065_0571_P74\AccessAndSecurity\CertificateStore\CertificateRevocationLists\Package.pkg"
    LogicalPath="Config1.4PP065_0571_P74.AccessAndSecurity.CertificateStore.CertificateRevocationLists"
    Type="Package"
    LastWriteTime="134012956808537712" />
  <Object
    Path="C:\KRBO0222\lab1_pomer_xhto\Physical\Config1\4PP065_0571_P74\AccessAndSecurity\CertificateStore\CertificateSigningRequests\Package.pkg"
    LogicalPath="Config1.4PP065_0571_P74.AccessAndSecurity.CertificateStore.CertificateSigningRequests"
    Type="Package"
    LastWriteTime="134012956808567624" />
  <Object
    Path="C:\KRBO0222\lab1_pomer_xhto\Physical\Config1\4PP065_0571_P74\AccessAndSecurity\TransportLayerSecurity\Package.pkg"
    LogicalPath="Config1.4PP065_0571_P74.AccessAndSecurity.TransportLayerSecurity"
    Type="Package"
    LastWriteTime="134012956808597547" />
  <Object
    Path="C:\KRBO0222\lab1_pomer_xhto\Physical\Config1\4PP065_0571_P74\mappControl\Package.pkg"
    LogicalPath="Config1.4PP065_0571_P74.mappControl"
    Type="Package"
    LastWriteTime="134012956808627467" />
  <Object
    Path="C:\KRBO0222\lab1_pomer_xhto\Physical\Config1\4PP065_0571_P74\mappMotion\Package.pkg"
    LogicalPath="Config1.4PP065_0571_P74.mappMotion"
    Type="Package"
    LastWriteTime="134012956808657386" />
  <Object
    Path="C:\KRBO0222\lab1_pomer_xhto\Physical\Config1\4PP065_0571_P74\mappServices\Package.pkg"
    LogicalPath="Config1.4PP065_0571_P74.mappServices"
    Type="Package"
    LastWriteTime="134012956808687310" />
  <Object
    Path="C:\KRBO0222\lab1_pomer_xhto\Physical\Config1\4PP065_0571_P74\mappView\Package.pkg"
    LogicalPath="Config1.4PP065_0571_P74.mappView"
    Type="Package"
    LastWriteTime="134012956808717233" />
  <Object
    Path="C:\KRBO0222\lab1_pomer_xhto\Physical\Config1\4PP065_0571_P74\mappCockpit\Package.pkg"
    LogicalPath="Config1.4PP065_0571_P74.mappCockpit"
    Type="Package"
    LastWriteTime="134012956808747160" />
  <Object
    Path="C:\KRBO0222\lab1_pomer_xhto\Physical\Config1\Hardware.jpg"
    LogicalPath="Config1.Hardware.jpg"
    Type="File"
    LastWriteTime="134033606503712035"
    Private="false" />
</Objects>